生成启动时间为 2016/1/26 16:48:31。
     1>项目“E:\Qt_Code\Qt Creator从入门到精通\Qt Creator从入门到精通\Qt Creator从入门到精通.vcxproj”在节点 2 上(build 个目标)。
     1>PrepareForBuild:
         正在创建目录“E:\Qt_Code\Qt Creator从入门到精通\x64\Debug\”。
       InitializeBuildStatus:
         正在创建“x64\Debug\myHTTP.unsuccessfulbuild”，因为已指定“AlwaysCreate”。
       CustomBuild:
         Moc'ing qtcreator从入门到精通.h...
         Uic'ing qtcreator从入门到精通.ui...
         Rcc'ing qtcreator从入门到精通.qrc...
     1>RCC : warning : No resources in 'E:\Qt_Code\Qt Creator浠庡叆闂ㄥ埌绮鹃€歕Qt Creator浠庡叆闂ㄥ埌绮鹃€歕qtcreator浠庡叆闂ㄥ埌绮鹃€?qrc'.
         
       ClCompile:
         D:\Program Files (x86)\Microsoft Visual Studio 10.0\VC\bin\x86_amd64\CL.exe /c /I.\GeneratedFiles /I. /I"E:\qt-4.8.6_VS2010_x64\include" /I.\GeneratedFiles\Debug /I"E:\qt-4.8.6_VS2010_x64\include\QtCore" /I"E:\qt-4.8.6_VS2010_x64\include\QtGui" /Zi /nologo /W1 /WX- /Od /D UNICODE /D WIN32 /D QT_DLL /D QT_CORE_LIB /D QT_GUI_LIB /Gm- /EHsc /MDd /GS /fp:precise /Zc:wchar_t- /Zc:forScope /Fo"x64\Debug\\" /Fd"x64\Debug\vc100.pdb" /Gd /TP /errorReport:prompt "GeneratedFiles\Debug\moc_qtcreator从入门到精通.cpp" main.cpp "qtcreator从入门到精通.cpp"
         moc_qtcreator从入门到精通.cpp
     1>e:\qt_code\qt creator从入门到精通\qt creator从入门到精通\generatedfiles\debug\../../qtcreator从入门到精通.h : warning C4819: 该文件包含不能在当前代码页(936)中表示的字符。请将该文件保存为 Unicode 格式以防止数据丢失
     1>e:\qt_code\qt creator从入门到精通\qt creator从入门到精通\generatedfiles\debug\../../qtcreator从入门到精通.h(5): fatal error C1083: 无法打开包括文件:“ui_qtcreator浠庡叆闂ㄥ埌绮鹃€?h”: Invalid argument
         main.cpp
     1>main.cpp : warning C4819: 该文件包含不能在当前代码页(936)中表示的字符。请将该文件保存为 Unicode 格式以防止数据丢失
     1>main.cpp(1): fatal error C1083: 无法打开包括文件:“qtcreator浠庡叆闂ㄥ埌绮鹃€?h”: Invalid argument
         qtcreator从入门到精通.cpp
     1>qtcreator从入门到精通.cpp : warning C4819: 该文件包含不能在当前代码页(936)中表示的字符。请将该文件保存为 Unicode 格式以防止数据丢失
     1>qtcreator从入门到精通.cpp(1): fatal error C1083: 无法打开包括文件:“qtcreator浠庡叆闂ㄥ埌绮鹃€?h”: Invalid argument
         Generating Code...
     1>已完成生成项目“E:\Qt_Code\Qt Creator从入门到精通\Qt Creator从入门到精通\Qt Creator从入门到精通.vcxproj”(build 个目标)的操作 - 失败。

生成失败。

已用时间 00:00:02.03
