E:\QT_CODE\QT CREATOR --\COMMUNICATE\GENERATEDFILES\QRC_COMMUNICATE.CPP
E:\QT_CODE\QT CREATOR --\COMMUNICATE\GENERATEDFILES\RELEASE\MOC_COMMUNICATE.CPP
E:\QT_CODE\QT CREATOR --\COMMUNICATE\GENERATEDFILES\UI_COMMUNICATE.H
E:\Qt_Code\Qt Creator --\Communicate\x64\Release\cl.command.1.tlog
E:\Qt_Code\Qt Creator --\Communicate\x64\Release\CL.read.1.tlog
E:\Qt_Code\Qt Creator --\Communicate\x64\Release\CL.write.1.tlog
E:\QT_CODE\QT CREATOR --\COMMUNICATE\X64\RELEASE\COMMUNICATE.EXE.INTERMEDIATE.MANIFEST
E:\QT_CODE\QT CREATOR --\COMMUNICATE\X64\RELEASE\COMMUNICATE.OBJ
E:\Qt_Code\Qt Creator --\Communicate\x64\Release\Communicate.write.1.tlog
E:\Qt_Code\Qt Creator --\Communicate\x64\Release\custombuild.command.1.tlog
E:\Qt_Code\Qt Creator --\Communicate\x64\Release\custombuild.read.1.tlog
E:\Qt_Code\Qt Creator --\Communicate\x64\Release\custombuild.write.1.tlog
E:\Qt_Code\Qt Creator --\Communicate\x64\Release\link.command.1.tlog
E:\Qt_Code\Qt Creator --\Communicate\x64\Release\link.read.1.tlog
E:\Qt_Code\Qt Creator --\Communicate\x64\Release\link.write.1.tlog
E:\QT_CODE\QT CREATOR --\COMMUNICATE\X64\RELEASE\MAIN.OBJ
E:\QT_CODE\QT CREATOR --\COMMUNICATE\X64\RELEASE\MOC_COMMUNICATE.OBJ
E:\Qt_Code\Qt Creator --\Communicate\x64\Release\mt.command.1.tlog
E:\Qt_Code\Qt Creator --\Communicate\x64\Release\mt.read.1.tlog
E:\Qt_Code\Qt Creator --\Communicate\x64\Release\mt.write.1.tlog
E:\QT_CODE\QT CREATOR --\COMMUNICATE\X64\RELEASE\QRC_COMMUNICATE.OBJ
E:\QT_CODE\QT CREATOR --\X64\RELEASE\COMMUNICATE.EXE
