生成启动时间为 2016/1/26 17:27:36。
     1>项目“E:\Qt_Code\Qt Creator从入门到精通\myHTTP\myHTTP.vcxproj”在节点 2 上(build 个目标)。
     1>InitializeBuildStatus:
         正在创建“x64\Debug\myHTTP.unsuccessfulbuild”，因为已指定“AlwaysCreate”。
       CustomBuild:
         Uic'ing mainwindow.ui...
       ClCompile:
         D:\Program Files (x86)\Microsoft Visual Studio 10.0\VC\bin\x86_amd64\CL.exe /c /I.\GeneratedFiles /I. /I"E:\qt-4.8.6_VS2010_x64\include" /I.\GeneratedFiles\Debug /I"E:\qt-4.8.6_VS2010_x64\include\QtCore" /I"E:\qt-4.8.6_VS2010_x64\include\QtGui" /Zi /nologo /W1 /WX- /Od /D UNICODE /D WIN32 /D QT_DLL /D QT_CORE_LIB /D QT_GUI_LIB /Gm- /EHsc /MDd /GS /fp:precise /Zc:wchar_t- /Zc:forScope /Fo"x64\Debug\\" /Fd"x64\Debug\vc100.pdb" /Gd /TP /errorReport:prompt GeneratedFiles\Debug\moc_mainwindow.cpp main.cpp mainwindow.cpp
         moc_mainwindow.cpp
         main.cpp
         mainwindow.cpp
         Generating Code...
         所有输出均为最新。
       Link:
         D:\Program Files (x86)\Microsoft Visual Studio 10.0\VC\bin\x86_amd64\link.exe /ERRORREPORT:PROMPT /OUT:"E:\Qt_Code\Qt Creator从入门到精通\x64\Debug\\myHTTP.exe" /NOLOGO /LIBPATH:"E:\qt-4.8.6_VS2010_x64\lib" qtmaind.lib QtCored4.lib QtGuid4.lib QtNetworkd4.lib kernel32.lib user32.lib gdi32.lib winspool.lib comdlg32.lib advapi32.lib shell32.lib ole32.lib oleaut32.lib uuid.lib odbc32.lib odbccp32.lib /MANIFEST /ManifestFile:"x64\Debug\myHTTP.exe.intermediate.manifest" /MANIFESTUAC:"level='asInvoker' uiAccess='false'" /DEBUG /PDB:"E:\Qt_Code\Qt Creator从入门到精通\x64\Debug\myHTTP.pdb" /SUBSYSTEM:WINDOWS /TLBID:1 /DYNAMICBASE /NXCOMPAT /IMPLIB:"E:\Qt_Code\Qt Creator从入门到精通\x64\Debug\myHTTP.lib" /MACHINE:X64 x64\Debug\moc_mainwindow.obj
         x64\Debug\qrc_mainwindow.obj
         x64\Debug\main.obj
         x64\Debug\mainwindow.obj
         LINK : 没有找到 E:\Qt_Code\Qt Creator从入门到精通\x64\Debug\\myHTTP.exe 或上一个增量链接没有生成它；正在执行完全链接
     1>qtmaind.lib(qtmain_win.obj) : warning LNK4099: 未找到 PDB“vc100.pdb”(使用“qtmaind.lib(qtmain_win.obj)”或在“E:\Qt_Code\Qt Creator从入门到精通\x64\Debug\vc100.pdb”中寻找)；正在链接对象，如同没有调试信息一样
         myHTTP.vcxproj -> E:\Qt_Code\Qt Creator从入门到精通\x64\Debug\myHTTP.exe
       Manifest:
         C:\Program Files (x86)\Microsoft SDKs\Windows\v7.0A\bin\mt.exe /nologo /verbose /outputresource:"E:\Qt_Code\Qt Creator从入门到精通\x64\Debug\\myHTTP.exe;#1" /manifest x64\Debug\myHTTP.exe.intermediate.manifest
       FinalizeBuildStatus:
         正在删除文件“x64\Debug\myHTTP.unsuccessfulbuild”。
         正在对“x64\Debug\myHTTP.lastbuildstate”执行 Touch 任务。
     1>已完成生成项目“E:\Qt_Code\Qt Creator从入门到精通\myHTTP\myHTTP.vcxproj”(build 个目标)的操作。

生成成功。

已用时间 00:00:02.80
