E:\QT_CODE\QT CREATOR --\COMMUNICATE\GENERATEDFILES\DEBUG\MOC_COMMUNICATE.CPP
E:\QT_CODE\QT CREATOR --\COMMUNICATE\GENERATEDFILES\QRC_COMMUNICATE.CPP
E:\QT_CODE\QT CREATOR --\COMMUNICATE\GENERATEDFILES\UI_COMMUNICATE.H
E:\Qt_Code\Qt Creator --\Communicate\x64\Debug\cl.command.1.tlog
E:\Qt_Code\Qt Creator --\Communicate\x64\Debug\CL.read.1.tlog
E:\Qt_Code\Qt Creator --\Communicate\x64\Debug\CL.write.1.tlog
E:\QT_CODE\QT CREATOR --\COMMUNICATE\X64\DEBUG\COMMUNICATE.EXE.INTERMEDIATE.MANIFEST
E:\QT_CODE\QT CREATOR --\COMMUNICATE\X64\DEBUG\COMMUNICATE.OBJ
E:\Qt_Code\Qt Creator --\Communicate\x64\Debug\Communicate.vcxprojResolveAssemblyReference.cache
E:\Qt_Code\Qt Creator --\Communicate\x64\Debug\Communicate.write.1.tlog
E:\Qt_Code\Qt Creator --\Communicate\x64\Debug\custombuild.command.1.tlog
E:\Qt_Code\Qt Creator --\Communicate\x64\Debug\custombuild.read.1.tlog
E:\Qt_Code\Qt Creator --\Communicate\x64\Debug\custombuild.write.1.tlog
E:\Qt_Code\Qt Creator --\Communicate\x64\Debug\link.command.1.tlog
E:\Qt_Code\Qt Creator --\Communicate\x64\Debug\link.read.1.tlog
E:\Qt_Code\Qt Creator --\Communicate\x64\Debug\link.read.2.tlog
E:\Qt_Code\Qt Creator --\Communicate\x64\Debug\link.write.1.tlog
E:\QT_CODE\QT CREATOR --\COMMUNICATE\X64\DEBUG\MAIN.OBJ
E:\QT_CODE\QT CREATOR --\COMMUNICATE\X64\DEBUG\MOC_COMMUNICATE.OBJ
E:\Qt_Code\Qt Creator --\Communicate\x64\Debug\mt.command.1.tlog
E:\Qt_Code\Qt Creator --\Communicate\x64\Debug\mt.read.1.tlog
E:\Qt_Code\Qt Creator --\Communicate\x64\Debug\mt.write.1.tlog
E:\QT_CODE\QT CREATOR --\COMMUNICATE\X64\DEBUG\QRC_COMMUNICATE.OBJ
E:\QT_CODE\QT CREATOR --\COMMUNICATE\X64\DEBUG\VC100.PDB
E:\QT_CODE\QT CREATOR --\X64\DEBUG\COMMUNICATE.EXE
E:\QT_CODE\QT CREATOR --\X64\DEBUG\COMMUNICATE.ILK
E:\QT_CODE\QT CREATOR --\X64\DEBUG\COMMUNICATE.PDB
