E:\QT_CODE\QT CREATOR从入门到精通\MYHTTP\GENERATEDFILES\DEBUG\MOC_MAINWINDOW.CPP
E:\QT_CODE\QT CREATOR从入门到精通\MYHTTP\GENERATEDFILES\QRC_MAINWINDOW.CPP
E:\QT_CODE\QT CREATOR从入门到精通\MYHTTP\GENERATEDFILES\UI_MAINWINDOW.H
E:\QT_CODE\QT CREATOR从入门到精通\MYHTTP\X64\DEBUG\MAIN.OBJ
E:\QT_CODE\QT CREATOR从入门到精通\MYHTTP\X64\DEBUG\MAINWINDOW.OBJ
E:\QT_CODE\QT CREATOR从入门到精通\MYHTTP\X64\DEBUG\MOC_MAINWINDOW.OBJ
E:\QT_CODE\QT CREATOR从入门到精通\MYHTTP\X64\DEBUG\MYHTTP.EXE.INTERMEDIATE.MANIFEST
E:\QT_CODE\QT CREATOR从入门到精通\MYHTTP\X64\DEBUG\QRC_MAINWINDOW.OBJ
E:\QT_CODE\QT CREATOR从入门到精通\MYHTTP\X64\DEBUG\VC100.PDB
E:\Qt_Code\Qt Creator从入门到精通\myHTTP2\x64\Debug\cl.command.1.tlog
E:\Qt_Code\Qt Creator从入门到精通\myHTTP2\x64\Debug\CL.read.1.tlog
E:\Qt_Code\Qt Creator从入门到精通\myHTTP2\x64\Debug\CL.write.1.tlog
E:\Qt_Code\Qt Creator从入门到精通\myHTTP2\x64\Debug\custombuild.command.1.tlog
E:\Qt_Code\Qt Creator从入门到精通\myHTTP2\x64\Debug\custombuild.read.1.tlog
E:\Qt_Code\Qt Creator从入门到精通\myHTTP2\x64\Debug\custombuild.write.1.tlog
E:\Qt_Code\Qt Creator从入门到精通\myHTTP2\x64\Debug\link.command.1.tlog
E:\Qt_Code\Qt Creator从入门到精通\myHTTP2\x64\Debug\link.read.1.tlog
E:\Qt_Code\Qt Creator从入门到精通\myHTTP2\x64\Debug\link.read.2.tlog
E:\Qt_Code\Qt Creator从入门到精通\myHTTP2\x64\Debug\link.write.1.tlog
E:\Qt_Code\Qt Creator从入门到精通\myHTTP2\x64\Debug\main.obj
E:\Qt_Code\Qt Creator从入门到精通\myHTTP2\x64\Debug\mainwindow.obj
E:\Qt_Code\Qt Creator从入门到精通\myHTTP2\x64\Debug\moc_mainwindow.obj
E:\Qt_Code\Qt Creator从入门到精通\myHTTP2\x64\Debug\mt.command.1.tlog
E:\Qt_Code\Qt Creator从入门到精通\myHTTP2\x64\Debug\mt.read.1.tlog
E:\Qt_Code\Qt Creator从入门到精通\myHTTP2\x64\Debug\mt.write.1.tlog
E:\Qt_Code\Qt Creator从入门到精通\myHTTP2\x64\Debug\myHTTP.exe.intermediate.manifest
E:\Qt_Code\Qt Creator从入门到精通\myHTTP2\x64\Debug\myHTTP.vcxprojResolveAssemblyReference.cache
E:\Qt_Code\Qt Creator从入门到精通\myHTTP2\x64\Debug\myHTTP.write.1.tlog
E:\Qt_Code\Qt Creator从入门到精通\myHTTP2\x64\Debug\qrc_mainwindow.obj
E:\Qt_Code\Qt Creator从入门到精通\myHTTP2\x64\Debug\vc100.pdb
E:\QT_CODE\QT CREATOR从入门到精通\X64\DEBUG\MYHTTP.EXE
E:\QT_CODE\QT CREATOR从入门到精通\X64\DEBUG\MYHTTP.ILK
E:\QT_CODE\QT CREATOR从入门到精通\X64\DEBUG\MYHTTP.PDB
